<?xml version="1.0" encoding="UTF-8"?>
<testsuite xmlns:xsi="http://www.w3.org/2001/XMLSchema-instance" xsi:noNamespaceSchemaLocation="https://maven.apache.org/surefire/maven-surefire-plugin/xsd/surefire-test-report.xsd" name="com.itplayer.AppTest" time="0.019" tests="1" errors="0" skipped="0" failures="0">
  <properties>
    <property name="sun.desktop" value="windows"/>
    <property name="awt.toolkit" value="sun.awt.windows.WToolkit"/>
    <property name="file.encoding.pkg" value="sun.io"/>
    <property name="java.specification.version" value="1.8"/>
    <property name="sun.cpu.isalist" value="amd64"/>
    <property name="sun.jnu.encoding" value="GBK"/>
    <property name="java.class.path" value="F:\workspace\idea\device\device-core\target\test-classes;F:\workspace\idea\device\device-core\target\classes;F:\tools\mavenRepository\repository\junit\junit\4.11\junit-4.11.jar;F:\tools\mavenRepository\repository\org\hamcrest\hamcrest-core\1.3\hamcrest-core-1.3.jar;F:\tools\mavenRepository\repository\javax\servlet\javax.servlet-api\3.1.0\javax.servlet-api-3.1.0.jar;F:\tools\mavenRepository\repository\javax\servlet\jsp\jsp-api\2.2\jsp-api-2.2.jar;F:\tools\mavenRepository\repository\cglib\cglib\3.1\cglib-3.1.jar;F:\tools\mavenRepository\repository\org\ow2\asm\asm\4.2\asm-4.2.jar;F:\tools\mavenRepository\repository\asm\asm\3.3.1\asm-3.3.1.jar;F:\tools\mavenRepository\repository\org\springframework\spring-context\4.3.15.RELEASE\spring-context-4.3.15.RELEASE.jar;F:\tools\mavenRepository\repository\org\springframework\spring-aop\4.3.15.RELEASE\spring-aop-4.3.15.RELEASE.jar;F:\tools\mavenRepository\repository\org\springframework\spring-beans\4.3.15.RELEASE\spring-beans-4.3.15.RELEASE.jar;F:\tools\mavenRepository\repository\org\springframework\spring-core\4.3.15.RELEASE\spring-core-4.3.15.RELEASE.jar;F:\tools\mavenRepository\repository\org\springframework\spring-expression\4.3.15.RELEASE\spring-expression-4.3.15.RELEASE.jar;F:\tools\mavenRepository\repository\org\springframework\spring-context-support\4.3.15.RELEASE\spring-context-support-4.3.15.RELEASE.jar;F:\tools\mavenRepository\repository\org\springframework\spring-jdbc\4.3.15.RELEASE\spring-jdbc-4.3.15.RELEASE.jar;F:\tools\mavenRepository\repository\org\springframework\spring-orm\4.3.15.RELEASE\spring-orm-4.3.15.RELEASE.jar;F:\tools\mavenRepository\repository\org\springframework\spring-tx\4.3.15.RELEASE\spring-tx-4.3.15.RELEASE.jar;F:\tools\mavenRepository\repository\org\springframework\spring-test\4.3.15.RELEASE\spring-test-4.3.15.RELEASE.jar;F:\tools\mavenRepository\repository\org\springframework\spring-webmvc\4.3.15.RELEASE\spring-webmvc-4.3.15.RELEASE.jar;F:\tools\mavenRepository\repository\org\springframework\spring-web\4.3.15.RELEASE\spring-web-4.3.15.RELEASE.jar;F:\tools\mavenRepository\repository\taglibs\standard\1.1.2\standard-1.1.2.jar;F:\tools\mavenRepository\repository\jstl\jstl\1.2\jstl-1.2.jar;F:\tools\mavenRepository\repository\org\aspectj\aspectjrt\1.7.4\aspectjrt-1.7.4.jar;F:\tools\mavenRepository\repository\org\aspectj\aspectjweaver\1.7.4\aspectjweaver-1.7.4.jar;F:\tools\mavenRepository\repository\com\alibaba\druid\1.0.2\druid-1.0.2.jar;F:\tools\mavenRepository\repository\mysql\mysql-connector-java\5.1.28\mysql-connector-java-5.1.28.jar;F:\tools\mavenRepository\repository\org\mybatis\mybatis-spring\1.2.3\mybatis-spring-1.2.3.jar;F:\tools\mavenRepository\repository\org\mybatis\mybatis\3.2.3\mybatis-3.2.3.jar;F:\tools\mavenRepository\repository\org\slf4j\slf4j-api\1.7.6\slf4j-api-1.7.6.jar;F:\tools\mavenRepository\repository\org\slf4j\slf4j-log4j12\1.7.6\slf4j-log4j12-1.7.6.jar;F:\tools\mavenRepository\repository\log4j\log4j\1.2.17\log4j-1.2.17.jar;F:\tools\mavenRepository\repository\commons-io\commons-io\2.4\commons-io-2.4.jar;F:\tools\mavenRepository\repository\commons-fileupload\commons-fileupload\1.3.1\commons-fileupload-1.3.1.jar;F:\tools\mavenRepository\repository\org\apache\shiro\shiro-core\1.3.0\shiro-core-1.3.0.jar;F:\tools\mavenRepository\repository\commons-beanutils\commons-beanutils\1.8.3\commons-beanutils-1.8.3.jar;F:\tools\mavenRepository\repository\org\apache\shiro\shiro-web\1.3.0\shiro-web-1.3.0.jar;F:\tools\mavenRepository\repository\org\apache\shiro\shiro-spring\1.3.0\shiro-spring-1.3.0.jar;F:\tools\mavenRepository\repository\org\apache\shiro\shiro-cas\1.3.0\shiro-cas-1.3.0.jar;F:\tools\mavenRepository\repository\org\jasig\cas\client\cas-client-core\3.2.2\cas-client-core-3.2.2.jar;F:\tools\mavenRepository\repository\org\apache\shiro\shiro-ehcache\1.2.4\shiro-ehcache-1.2.4.jar;F:\tools\mavenRepository\repository\net\sf\ehcache\ehcache-core\2.5.0\ehcache-core-2.5.0.jar;F:\tools\mavenRepository\repository\net\sf\ehcache\ehcache\2.10.2\ehcache-2.10.2.jar;F:\tools\mavenRepository\repository\org\mongodb\mongo-java-driver\3.2.2\mongo-java-driver-3.2.2.jar;F:\tools\mavenRepository\repository\org\springframework\data\spring-data-commons\1.11.4.RELEASE\spring-data-commons-1.11.4.RELEASE.jar;F:\tools\mavenRepository\repository\org\springframework\data\spring-data-mongodb\1.8.4.RELEASE\spring-data-mongodb-1.8.4.RELEASE.jar;F:\tools\mavenRepository\repository\commons-discovery\commons-discovery\0.2\commons-discovery-0.2.jar;F:\tools\mavenRepository\repository\commons-logging\commons-logging\1.0.3\commons-logging-1.0.3.jar;F:\tools\mavenRepository\repository\wsdl4j\wsdl4j\1.6.2\wsdl4j-1.6.2.jar;F:\tools\mavenRepository\repository\com\fasterxml\jackson\core\jackson-core\2.8.8\jackson-core-2.8.8.jar;F:\tools\mavenRepository\repository\com\fasterxml\jackson\core\jackson-annotations\2.8.0\jackson-annotations-2.8.0.jar;F:\tools\mavenRepository\repository\com\fasterxml\jackson\core\jackson-databind\2.8.0\jackson-databind-2.8.0.jar;F:\tools\mavenRepository\repository\org\apache\commons\commons-lang3\3.4\commons-lang3-3.4.jar;F:\tools\mavenRepository\repository\org\apache\httpcomponents\httpclient-cache\4.5.2\httpclient-cache-4.5.2.jar;F:\tools\mavenRepository\repository\org\apache\httpcomponents\httpclient\4.5.2\httpclient-4.5.2.jar;F:\tools\mavenRepository\repository\org\apache\httpcomponents\httpcore\4.4.4\httpcore-4.4.4.jar;F:\tools\mavenRepository\repository\commons-codec\commons-codec\1.9\commons-codec-1.9.jar;F:\tools\mavenRepository\repository\org\apache\httpcomponents\httpmime\4.5.2\httpmime-4.5.2.jar;F:\tools\mavenRepository\repository\org\apache\activemq\activemq-all\5.9.0\activemq-all-5.9.0.jar;F:\tools\mavenRepository\repository\org\apache\activemq\activemq-pool\5.9.0\activemq-pool-5.9.0.jar;F:\tools\mavenRepository\repository\org\apache\activemq\activemq-jms-pool\5.9.0\activemq-jms-pool-5.9.0.jar;F:\tools\mavenRepository\repository\org\apache\geronimo\specs\geronimo-jms_1.1_spec\1.1.1\geronimo-jms_1.1_spec-1.1.1.jar;F:\tools\mavenRepository\repository\org\apache\activemq\activemq-client\5.9.0\activemq-client-5.9.0.jar;F:\tools\mavenRepository\repository\org\fusesource\hawtbuf\hawtbuf\1.9\hawtbuf-1.9.jar;F:\tools\mavenRepository\repository\org\apache\geronimo\specs\geronimo-j2ee-management_1.1_spec\1.0.1\geronimo-j2ee-management_1.1_spec-1.0.1.jar;F:\tools\mavenRepository\repository\org\apache\geronimo\specs\geronimo-jta_1.0.1B_spec\1.0.1\geronimo-jta_1.0.1B_spec-1.0.1.jar;F:\tools\mavenRepository\repository\commons-pool\commons-pool\1.6\commons-pool-1.6.jar;F:\tools\mavenRepository\repository\org\springframework\spring-jms\4.3.15.RELEASE\spring-jms-4.3.15.RELEASE.jar;F:\tools\mavenRepository\repository\org\springframework\spring-messaging\4.3.15.RELEASE\spring-messaging-4.3.15.RELEASE.jar;F:\tools\mavenRepository\repository\org\apache\xbean\xbean-spring\3.16\xbean-spring-3.16.jar;F:\tools\mavenRepository\repository\org\xeustechnologies\jtar\1.1\jtar-1.1.jar;F:\tools\mavenRepository\repository\cn\apiclub\tool\simplecaptcha\1.2.2\simplecaptcha-1.2.2.jar;F:\tools\mavenRepository\repository\org\apache\poi\poi-ooxml\3.14\poi-ooxml-3.14.jar;F:\tools\mavenRepository\repository\org\apache\poi\poi\3.14\poi-3.14.jar;F:\tools\mavenRepository\repository\org\apache\poi\poi-ooxml-schemas\3.14\poi-ooxml-schemas-3.14.jar;F:\tools\mavenRepository\repository\org\apache\xmlbeans\xmlbeans\2.6.0\xmlbeans-2.6.0.jar;F:\tools\mavenRepository\repository\stax\stax-api\1.0.1\stax-api-1.0.1.jar;F:\tools\mavenRepository\repository\com\github\virtuald\curvesapi\1.03\curvesapi-1.03.jar;F:\tools\mavenRepository\repository\org\apache\ant\ant-commons-net\1.9.7\ant-commons-net-1.9.7.jar;F:\tools\mavenRepository\repository\org\apache\ant\ant\1.9.7\ant-1.9.7.jar;F:\tools\mavenRepository\repository\org\apache\ant\ant-launcher\1.9.7\ant-launcher-1.9.7.jar;F:\tools\mavenRepository\repository\commons-net\commons-net\1.4.0\commons-net-1.4.0.jar;F:\tools\mavenRepository\repository\oro\oro\2.0.8\oro-2.0.8.jar;"/>
    <property name="java.vm.vendor" value="Oracle Corporation"/>
    <property name="sun.arch.data.model" value="64"/>
    <property name="user.variant" value=""/>
    <property name="java.vendor.url" value="http://java.oracle.com/"/>
    <property name="user.timezone" value=""/>
    <property name="java.vm.specification.version" value="1.8"/>
    <property name="os.name" value="Windows 10"/>
    <property name="user.country" value="CN"/>
    <property name="sun.java.launcher" value="SUN_STANDARD"/>
    <property name="sun.boot.library.path" value="F:\Program Files\Java\jdk1.8.0_111\jre\bin"/>
    <property name="sun.java.command" value="C:\Users\ADMINI~1\AppData\Local\Temp\surefire7489405128594992314\surefirebooter696689994994537652.jar C:\Users\Administrator\AppData\Local\Temp\surefire7489405128594992314 2018-05-27T17-55-05_983-jvmRun1 surefire8533659394259077165tmp surefire_02923765380909029285tmp"/>
    <property name="surefire.test.class.path" value="F:\workspace\idea\device\device-core\target\test-classes;F:\workspace\idea\device\device-core\target\classes;F:\tools\mavenRepository\repository\junit\junit\4.11\junit-4.11.jar;F:\tools\mavenRepository\repository\org\hamcrest\hamcrest-core\1.3\hamcrest-core-1.3.jar;F:\tools\mavenRepository\repository\javax\servlet\javax.servlet-api\3.1.0\javax.servlet-api-3.1.0.jar;F:\tools\mavenRepository\repository\javax\servlet\jsp\jsp-api\2.2\jsp-api-2.2.jar;F:\tools\mavenRepository\repository\cglib\cglib\3.1\cglib-3.1.jar;F:\tools\mavenRepository\repository\org\ow2\asm\asm\4.2\asm-4.2.jar;F:\tools\mavenRepository\repository\asm\asm\3.3.1\asm-3.3.1.jar;F:\tools\mavenRepository\repository\org\springframework\spring-context\4.3.15.RELEASE\spring-context-4.3.15.RELEASE.jar;F:\tools\mavenRepository\repository\org\springframework\spring-aop\4.3.15.RELEASE\spring-aop-4.3.15.RELEASE.jar;F:\tools\mavenRepository\repository\org\springframework\spring-beans\4.3.15.RELEASE\spring-beans-4.3.15.RELEASE.jar;F:\tools\mavenRepository\repository\org\springframework\spring-core\4.3.15.RELEASE\spring-core-4.3.15.RELEASE.jar;F:\tools\mavenRepository\repository\org\springframework\spring-expression\4.3.15.RELEASE\spring-expression-4.3.15.RELEASE.jar;F:\tools\mavenRepository\repository\org\springframework\spring-context-support\4.3.15.RELEASE\spring-context-support-4.3.15.RELEASE.jar;F:\tools\mavenRepository\repository\org\springframework\spring-jdbc\4.3.15.RELEASE\spring-jdbc-4.3.15.RELEASE.jar;F:\tools\mavenRepository\repository\org\springframework\spring-orm\4.3.15.RELEASE\spring-orm-4.3.15.RELEASE.jar;F:\tools\mavenRepository\repository\org\springframework\spring-tx\4.3.15.RELEASE\spring-tx-4.3.15.RELEASE.jar;F:\tools\mavenRepository\repository\org\springframework\spring-test\4.3.15.RELEASE\spring-test-4.3.15.RELEASE.jar;F:\tools\mavenRepository\repository\org\springframework\spring-webmvc\4.3.15.RELEASE\spring-webmvc-4.3.15.RELEASE.jar;F:\tools\mavenRepository\repository\org\springframework\spring-web\4.3.15.RELEASE\spring-web-4.3.15.RELEASE.jar;F:\tools\mavenRepository\repository\taglibs\standard\1.1.2\standard-1.1.2.jar;F:\tools\mavenRepository\repository\jstl\jstl\1.2\jstl-1.2.jar;F:\tools\mavenRepository\repository\org\aspectj\aspectjrt\1.7.4\aspectjrt-1.7.4.jar;F:\tools\mavenRepository\repository\org\aspectj\aspectjweaver\1.7.4\aspectjweaver-1.7.4.jar;F:\tools\mavenRepository\repository\com\alibaba\druid\1.0.2\druid-1.0.2.jar;F:\tools\mavenRepository\repository\mysql\mysql-connector-java\5.1.28\mysql-connector-java-5.1.28.jar;F:\tools\mavenRepository\repository\org\mybatis\mybatis-spring\1.2.3\mybatis-spring-1.2.3.jar;F:\tools\mavenRepository\repository\org\mybatis\mybatis\3.2.3\mybatis-3.2.3.jar;F:\tools\mavenRepository\repository\org\slf4j\slf4j-api\1.7.6\slf4j-api-1.7.6.jar;F:\tools\mavenRepository\repository\org\slf4j\slf4j-log4j12\1.7.6\slf4j-log4j12-1.7.6.jar;F:\tools\mavenRepository\repository\log4j\log4j\1.2.17\log4j-1.2.17.jar;F:\tools\mavenRepository\repository\commons-io\commons-io\2.4\commons-io-2.4.jar;F:\tools\mavenRepository\repository\commons-fileupload\commons-fileupload\1.3.1\commons-fileupload-1.3.1.jar;F:\tools\mavenRepository\repository\org\apache\shiro\shiro-core\1.3.0\shiro-core-1.3.0.jar;F:\tools\mavenRepository\repository\commons-beanutils\commons-beanutils\1.8.3\commons-beanutils-1.8.3.jar;F:\tools\mavenRepository\repository\org\apache\shiro\shiro-web\1.3.0\shiro-web-1.3.0.jar;F:\tools\mavenRepository\repository\org\apache\shiro\shiro-spring\1.3.0\shiro-spring-1.3.0.jar;F:\tools\mavenRepository\repository\org\apache\shiro\shiro-cas\1.3.0\shiro-cas-1.3.0.jar;F:\tools\mavenRepository\repository\org\jasig\cas\client\cas-client-core\3.2.2\cas-client-core-3.2.2.jar;F:\tools\mavenRepository\repository\org\apache\shiro\shiro-ehcache\1.2.4\shiro-ehcache-1.2.4.jar;F:\tools\mavenRepository\repository\net\sf\ehcache\ehcache-core\2.5.0\ehcache-core-2.5.0.jar;F:\tools\mavenRepository\repository\net\sf\ehcache\ehcache\2.10.2\ehcache-2.10.2.jar;F:\tools\mavenRepository\repository\org\mongodb\mongo-java-driver\3.2.2\mongo-java-driver-3.2.2.jar;F:\tools\mavenRepository\repository\org\springframework\data\spring-data-commons\1.11.4.RELEASE\spring-data-commons-1.11.4.RELEASE.jar;F:\tools\mavenRepository\repository\org\springframework\data\spring-data-mongodb\1.8.4.RELEASE\spring-data-mongodb-1.8.4.RELEASE.jar;F:\tools\mavenRepository\repository\commons-discovery\commons-discovery\0.2\commons-discovery-0.2.jar;F:\tools\mavenRepository\repository\commons-logging\commons-logging\1.0.3\commons-logging-1.0.3.jar;F:\tools\mavenRepository\repository\wsdl4j\wsdl4j\1.6.2\wsdl4j-1.6.2.jar;F:\tools\mavenRepository\repository\com\fasterxml\jackson\core\jackson-core\2.8.8\jackson-core-2.8.8.jar;F:\tools\mavenRepository\repository\com\fasterxml\jackson\core\jackson-annotations\2.8.0\jackson-annotations-2.8.0.jar;F:\tools\mavenRepository\repository\com\fasterxml\jackson\core\jackson-databind\2.8.0\jackson-databind-2.8.0.jar;F:\tools\mavenRepository\repository\org\apache\commons\commons-lang3\3.4\commons-lang3-3.4.jar;F:\tools\mavenRepository\repository\org\apache\httpcomponents\httpclient-cache\4.5.2\httpclient-cache-4.5.2.jar;F:\tools\mavenRepository\repository\org\apache\httpcomponents\httpclient\4.5.2\httpclient-4.5.2.jar;F:\tools\mavenRepository\repository\org\apache\httpcomponents\httpcore\4.4.4\httpcore-4.4.4.jar;F:\tools\mavenRepository\repository\commons-codec\commons-codec\1.9\commons-codec-1.9.jar;F:\tools\mavenRepository\repository\org\apache\httpcomponents\httpmime\4.5.2\httpmime-4.5.2.jar;F:\tools\mavenRepository\repository\org\apache\activemq\activemq-all\5.9.0\activemq-all-5.9.0.jar;F:\tools\mavenRepository\repository\org\apache\activemq\activemq-pool\5.9.0\activemq-pool-5.9.0.jar;F:\tools\mavenRepository\repository\org\apache\activemq\activemq-jms-pool\5.9.0\activemq-jms-pool-5.9.0.jar;F:\tools\mavenRepository\repository\org\apache\geronimo\specs\geronimo-jms_1.1_spec\1.1.1\geronimo-jms_1.1_spec-1.1.1.jar;F:\tools\mavenRepository\repository\org\apache\activemq\activemq-client\5.9.0\activemq-client-5.9.0.jar;F:\tools\mavenRepository\repository\org\fusesource\hawtbuf\hawtbuf\1.9\hawtbuf-1.9.jar;F:\tools\mavenRepository\repository\org\apache\geronimo\specs\geronimo-j2ee-management_1.1_spec\1.0.1\geronimo-j2ee-management_1.1_spec-1.0.1.jar;F:\tools\mavenRepository\repository\org\apache\geronimo\specs\geronimo-jta_1.0.1B_spec\1.0.1\geronimo-jta_1.0.1B_spec-1.0.1.jar;F:\tools\mavenRepository\repository\commons-pool\commons-pool\1.6\commons-pool-1.6.jar;F:\tools\mavenRepository\repository\org\springframework\spring-jms\4.3.15.RELEASE\spring-jms-4.3.15.RELEASE.jar;F:\tools\mavenRepository\repository\org\springframework\spring-messaging\4.3.15.RELEASE\spring-messaging-4.3.15.RELEASE.jar;F:\tools\mavenRepository\repository\org\apache\xbean\xbean-spring\3.16\xbean-spring-3.16.jar;F:\tools\mavenRepository\repository\org\xeustechnologies\jtar\1.1\jtar-1.1.jar;F:\tools\mavenRepository\repository\cn\apiclub\tool\simplecaptcha\1.2.2\simplecaptcha-1.2.2.jar;F:\tools\mavenRepository\repository\org\apache\poi\poi-ooxml\3.14\poi-ooxml-3.14.jar;F:\tools\mavenRepository\repository\org\apache\poi\poi\3.14\poi-3.14.jar;F:\tools\mavenRepository\repository\org\apache\poi\poi-ooxml-schemas\3.14\poi-ooxml-schemas-3.14.jar;F:\tools\mavenRepository\repository\org\apache\xmlbeans\xmlbeans\2.6.0\xmlbeans-2.6.0.jar;F:\tools\mavenRepository\repository\stax\stax-api\1.0.1\stax-api-1.0.1.jar;F:\tools\mavenRepository\repository\com\github\virtuald\curvesapi\1.03\curvesapi-1.03.jar;F:\tools\mavenRepository\repository\org\apache\ant\ant-commons-net\1.9.7\ant-commons-net-1.9.7.jar;F:\tools\mavenRepository\repository\org\apache\ant\ant\1.9.7\ant-1.9.7.jar;F:\tools\mavenRepository\repository\org\apache\ant\ant-launcher\1.9.7\ant-launcher-1.9.7.jar;F:\tools\mavenRepository\repository\commons-net\commons-net\1.4.0\commons-net-1.4.0.jar;F:\tools\mavenRepository\repository\oro\oro\2.0.8\oro-2.0.8.jar;"/>
    <property name="sun.cpu.endian" value="little"/>
    <property name="user.home" value="C:\Users\Administrator"/>
    <property name="user.language" value="zh"/>
    <property name="java.specification.vendor" value="Oracle Corporation"/>
    <property name="java.home" value="F:\Program Files\Java\jdk1.8.0_111\jre"/>
    <property name="basedir" value="F:\workspace\idea\device\device-core"/>
    <property name="file.separator" value="\"/>
    <property name="line.separator" value="&#10;"/>
    <property name="java.vm.specification.vendor" value="Oracle Corporation"/>
    <property name="java.specification.name" value="Java Platform API Specification"/>
    <property name="java.awt.graphicsenv" value="sun.awt.Win32GraphicsEnvironment"/>
    <property name="surefire.real.class.path" value="C:\Users\ADMINI~1\AppData\Local\Temp\surefire7489405128594992314\surefirebooter696689994994537652.jar"/>
    <property name="sun.boot.class.path" value="F:\Program Files\Java\jdk1.8.0_111\jre\lib\resources.jar;F:\Program Files\Java\jdk1.8.0_111\jre\lib\rt.jar;F:\Program Files\Java\jdk1.8.0_111\jre\lib\sunrsasign.jar;F:\Program Files\Java\jdk1.8.0_111\jre\lib\jsse.jar;F:\Program Files\Java\jdk1.8.0_111\jre\lib\jce.jar;F:\Program Files\Java\jdk1.8.0_111\jre\lib\charsets.jar;F:\Program Files\Java\jdk1.8.0_111\jre\lib\jfr.jar;F:\Program Files\Java\jdk1.8.0_111\jre\classes"/>
    <property name="user.script" value=""/>
    <property name="sun.management.compiler" value="HotSpot 64-Bit Tiered Compilers"/>
    <property name="java.runtime.version" value="1.8.0_111-b14"/>
    <property name="user.name" value="Administrator"/>
    <property name="path.separator" value=";"/>
    <property name="os.version" value="10.0"/>
    <property name="java.endorsed.dirs" value="F:\Program Files\Java\jdk1.8.0_111\jre\lib\endorsed"/>
    <property name="java.runtime.name" value="Java(TM) SE Runtime Environment"/>
    <property name="file.encoding" value="GBK"/>
    <property name="java.vm.name" value="Java HotSpot(TM) 64-Bit Server VM"/>
    <property name="localRepository" value="F:\tools\mavenRepository\repository"/>
    <property name="java.vendor.url.bug" value="http://bugreport.sun.com/bugreport/"/>
    <property name="java.io.tmpdir" value="C:\Users\ADMINI~1\AppData\Local\Temp\"/>
    <property name="idea.version" value="2018.1"/>
    <property name="java.version" value="1.8.0_111"/>
    <property name="user.dir" value="F:\workspace\idea\device\device-core"/>
    <property name="os.arch" value="amd64"/>
    <property name="java.vm.specification.name" value="Java Virtual Machine Specification"/>
    <property name="java.awt.printerjob" value="sun.awt.windows.WPrinterJob"/>
    <property name="sun.os.patch.level" value=""/>
    <property name="java.library.path" value="F:\Program Files\Java\jdk1.8.0_111\jre\bin;C:\windows\Sun\Java\bin;C:\windows\system32;C:\windows;C:\ProgramData\Oracle\Java\javapath;C:\windows\system32;C:\windows;C:\windows\System32\Wbem;C:\windows\System32\WindowsPowerShell\v1.0\;E:\Program Files\nodejs\;e:\Program Files\Git\cmd;C:\Users\Administrator\AppData\Local\Microsoft\WindowsApps;C:\Users\Administrator\AppData\Local\atom\bin;C:\Users\Administrator\AppData\Roaming\npm;F:\Program Files\Java\jdk1.8.0_111\bin;F:\tools\apache-maven-3.3.9\bin;;."/>
    <property name="java.vm.info" value="mixed mode"/>
    <property name="java.vendor" value="Oracle Corporation"/>
    <property name="java.vm.version" value="25.111-b14"/>
    <property name="java.ext.dirs" value="F:\Program Files\Java\jdk1.8.0_111\jre\lib\ext;C:\windows\Sun\Java\lib\ext"/>
    <property name="sun.io.unicode.encoding" value="UnicodeLittle"/>
    <property name="java.class.version" value="52.0"/>
  </properties>
  <testcase name="shouldAnswerWithTrue" classname="com.itplayer.AppTest" time="0.001"/>
</testsuite>